[debug] [2022-12-24T09:34:38.994Z] ----------------------------------------------------------------------
[debug] [2022-12-24T09:34:38.995Z] Command:       /usr/local/bin/node /usr/local/bin/firebase login
[debug] [2022-12-24T09:34:38.996Z] CLI Version:   11.19.0
[debug] [2022-12-24T09:34:38.996Z] Platform:      linux
[debug] [2022-12-24T09:34:38.996Z] Node Version:  v16.17.0
[debug] [2022-12-24T09:34:38.998Z] Time:          Sat Dec 24 2022 09:34:38 GMT+0000 (Coordinated Universal Time)
[debug] [2022-12-24T09:34:38.998Z] ----------------------------------------------------------------------
[debug] 
[debug] [2022-12-24T09:34:39.000Z] >>> [apiv2][query] GET https://firebase-public.firebaseio.com/cli.json [none]
[info] i  Firebase optionally collects CLI and Emulator Suite usage and error reporting information to help improve our products. Data is collected in accordance with Google's privacy policy (https://policies.google.com/privacy) and is not used to identify you.
 
[debug] [2022-12-24T09:34:39.341Z] <<< [apiv2][status] GET https://firebase-public.firebaseio.com/cli.json 200
[debug] [2022-12-24T09:34:39.341Z] <<< [apiv2][body] GET https://firebase-public.firebaseio.com/cli.json {"cloudBuildErrorAfter":1594252800000,"cloudBuildWarnAfter":1590019200000,"defaultNode10After":1594252800000,"minVersion":"3.0.5","node8DeploysDisabledAfter":1613390400000,"node8RuntimeDisabledAfter":1615809600000,"node8WarnAfter":1600128000000}
[info] i  To change your data collection preference at any time, run `firebase logout` and log in again. 
[info] 
[info] Visit this URL on this device to log in:
[info] https://accounts.google.com/o/oauth2/auth?client_id=563584335869-fgrhgmd47bqnekij5i8b5pr03ho849e6.apps.googleusercontent.com&scope=email%20openid%20https%3A%2F%2Fwww.googleapis.com%2Fauth%2Fcloudplatformprojects.readonly%20https%3A%2F%2Fwww.googleapis.com%2Fauth%2Ffirebase%20https%3A%2F%2Fwww.googleapis.com%2Fauth%2Fcloud-platform&response_type=code&state=722687989&redirect_uri=http%3A%2F%2Flocalhost%3A9005
[info] 
[info] Waiting for authentication...
[debug] [2022-12-24T09:49:14.182Z] ----------------------------------------------------------------------
[debug] [2022-12-24T09:49:14.183Z] Command:       /usr/local/bin/node /usr/local/bin/firebase login
[debug] [2022-12-24T09:49:14.184Z] CLI Version:   11.19.0
[debug] [2022-12-24T09:49:14.184Z] Platform:      linux
[debug] [2022-12-24T09:49:14.184Z] Node Version:  v16.17.0
[debug] [2022-12-24T09:49:14.185Z] Time:          Sat Dec 24 2022 09:49:14 GMT+0000 (Coordinated Universal Time)
[debug] [2022-12-24T09:49:14.185Z] ----------------------------------------------------------------------
[debug] 
[info] i  Firebase optionally collects CLI and Emulator Suite usage and error reporting information to help improve our products. Data is collected in accordance with Google's privacy policy (https://policies.google.com/privacy) and is not used to identify you.
 
[info] i  To change your data collection preference at any time, run `firebase logout` and log in again. 
[info] 
[info] Visit this URL on this device to log in:
[info] https://accounts.google.com/o/oauth2/auth?client_id=563584335869-fgrhgmd47bqnekij5i8b5pr03ho849e6.apps.googleusercontent.com&scope=email%20openid%20https%3A%2F%2Fwww.googleapis.com%2Fauth%2Fcloudplatformprojects.readonly%20https%3A%2F%2Fwww.googleapis.com%2Fauth%2Ffirebase%20https%3A%2F%2Fwww.googleapis.com%2Fauth%2Fcloud-platform&response_type=code&state=147771496&redirect_uri=http%3A%2F%2Flocalhost%3A9005
[info] 
[info] Waiting for authentication...
